c:\users\admin\source\repos\zigzag_ball\debug\vc142.pdb
c:\users\admin\source\repos\zigzag_ball\debug\vc142.idb
c:\users\admin\source\repos\zigzag_ball\debug\sleep.obj
c:\users\admin\source\repos\zigzag_ball\debug\random_int.obj
c:\users\admin\source\repos\zigzag_ball\debug\random_float.obj
c:\users\admin\source\repos\zigzag_ball\debug\main.obj
c:\users\admin\source\repos\zigzag_ball\debug\cube.obj
c:\users\admin\source\repos\zigzag_ball\debug\coodinate.obj
c:\users\admin\source\repos\zigzag_ball\debug\box.obj
c:\users\admin\source\repos\zigzag_ball\debug\zigzag_ball.exe
c:\users\admin\source\repos\zigzag_ball\debug\zigzag_ball.ilk
c:\users\admin\source\repos\zigzag_ball\debug\zigzag_ball.pdb
e:\every thing from git\zigzag_ball\debug\box.obj
e:\every thing from git\zigzag_ball\debug\coodinate.obj
e:\every thing from git\zigzag_ball\debug\cube.obj
e:\every thing from git\zigzag_ball\debug\main.obj
e:\every thing from git\zigzag_ball\debug\random_float.obj
e:\every thing from git\zigzag_ball\debug\random_int.obj
e:\every thing from git\zigzag_ball\debug\sleep.obj
e:\every thing from git\zigzag_ball\debug\zigzag_ball.ilk
e:\every thing from git\zigzag_ball\debug\vc142.idb
e:\every thing from git\zigzag_ball\debug\vc142.pdb
e:\every thing from git\zigzag_ball\debug\zigzag_ball.pdb
e:\every thing from git\zigzag_ball\debug\zigzag_ball.exe
e:\every thing from git\zigzag_ball\debug\zigzag_ball.tlog\cl.command.1.tlog
e:\every thing from git\zigzag_ball\debug\zigzag_ball.tlog\cl.read.1.tlog
e:\every thing from git\zigzag_ball\debug\zigzag_ball.tlog\cl.write.1.tlog
e:\every thing from git\zigzag_ball\debug\zigzag_ball.tlog\link.command.1.tlog
e:\every thing from git\zigzag_ball\debug\zigzag_ball.tlog\link.read.1.tlog
e:\every thing from git\zigzag_ball\debug\zigzag_ball.tlog\link.write.1.tlog
